<?xml version="1.0" encoding="UTF-8"?>
<!-- Generated by org.testng.reporters.JUnitReportReporter -->
<testsuite skipped="0" hostname="DVCINH6097848" name="testng2.test6" tests="1" failures="0" timestamp="2020-08-24T16:01:29 IST" time="0.001" errors="0">
  <testcase name="notest" time="0.001" classname="testng2.test6"/>
  <system-out/>
</testsuite> <!-- testng2.test6 -->
