<?xml version="1.0" encoding="UTF-8"?>
<!-- Generated by org.testng.reporters.JUnitReportReporter -->
<testsuite skipped="1" hostname="DVCINH6097848" name="testng.test2" tests="2" failures="0" timestamp="2020-08-29T23:27:37 IST" time="0.011" errors="0">
  <testcase name="carloan3" time="0.011" classname="testng.test2"/>
  <system-out/>
  <testcase name="carloan2" classname="testng.test2">
    <skipped/>
  </testcase> <!-- carloan2 -->
  <system-out/>
</testsuite> <!-- testng.test2 -->
