<?xml version="1.0" encoding="UTF-8"?>
<!-- Generated by org.testng.reporters.JUnitReportReporter -->
<testsuite skipped="0" hostname="DVCINH6097848" name="testng.test3" tests="3" failures="0" timestamp="2020-08-29T23:27:08 IST" time="0.003" errors="0">
  <testcase name="personalloan2" time="0.001" classname="testng.test3"/>
  <system-out/>
  <testcase name="personalloan1" time="0.001" classname="testng.test3"/>
  <system-out/>
  <testcase name="personalloan3" time="0.001" classname="testng.test3"/>
  <system-out/>
</testsuite> <!-- testng.test3 -->
