<?xml version="1.0" encoding="UTF-8"?>
<!-- Generated by org.testng.reporters.JUnitReportReporter -->
<testsuite skipped="0" hostname="DVCINH6097848" name="testng.test1" tests="3" failures="0" timestamp="2020-08-29T23:27:08 IST" time="0.009" errors="0">
  <testcase name="homeloan3" time="0.001" classname="testng.test1"/>
  <system-out/>
  <testcase name="homeloan1" time="0.007" classname="testng.test1"/>
  <system-out/>
  <testcase name="homeloan2" time="0.001" classname="testng.test1"/>
  <system-out/>
</testsuite> <!-- testng.test1 -->
