<?xml version="1.0" encoding="UTF-8"?>
<!-- Generated by org.testng.reporters.JUnitReportReporter -->
<testsuite skipped="0" hostname="DVCINH6097848" name="testng.test4" tests="1" failures="0" timestamp="2020-08-29T23:27:37 IST" time="0.001" errors="0">
  <testcase name="propertyloan3" time="0.001" classname="testng.test4"/>
  <system-out/>
</testsuite> <!-- testng.test4 -->
