<?xml version="1.0" encoding="UTF-8"?>
<!-- Generated by org.testng.reporters.JUnitReportReporter -->
<testsuite skipped="0" hostname="DVCINH6097848" name="testng2.test5" tests="3" failures="0" timestamp="2020-08-29T23:27:08 IST" time="0.005" errors="0">
  <testcase name="faltuloan3" time="0.002" classname="testng2.test5"/>
  <system-out/>
  <testcase name="faltuloan1" time="0.002" classname="testng2.test5"/>
  <system-out/>
  <testcase name="faltuloan2" time="0.001" classname="testng2.test5"/>
  <system-out/>
</testsuite> <!-- testng2.test5 -->
