<?xml version="1.0" encoding="UTF-8"?>
<!-- Generated by org.testng.reporters.JUnitReportReporter -->
<testsuite skipped="0" hostname="DVCINH6097848" name="dynamicJson" tests="1" failures="0" timestamp="18 Jan 2021 14:09:18 GMT" time="3.471" errors="0">
  <testcase name="ReadFile" time="3.471" classname="dynamicJson"/>
</testsuite> <!-- dynamicJson -->
